j:\downloads\cw6\cw 6\debug\vc143.pdb
j:\downloads\cw6\cw 6\debug\vc143.idb
j:\downloads\cw6\cw 6\debug\texture.obj
j:\downloads\cw6\cw 6\debug\shader_loader.obj
j:\downloads\cw6\cw 6\debug\render_utils.obj
j:\downloads\cw6\cw 6\debug\main.obj
j:\downloads\cw6\cw 6\debug\camera.obj
j:\downloads\cw6\cw 6\debug\box.obj
j:\downloads\cw6\cw 6\debug\stb_image_aug.obj
j:\downloads\cw6\cw 6\debug\soil.obj
j:\downloads\cw6\cw 6\debug\image_helper.obj
j:\downloads\cw6\cw 6\debug\image_dxt.obj
j:\downloads\grk_cw1\grk\debug\grk-cw6.exe
j:\downloads\grk_cw1\grk\debug\grk-cw6.pdb
j:\downloads\cw6\cw 6\debug\grk-cw6.tlog\cl.command.1.tlog
j:\downloads\cw6\cw 6\debug\grk-cw6.tlog\cl.items.tlog
j:\downloads\cw6\cw 6\debug\grk-cw6.tlog\cl.read.1.tlog
j:\downloads\cw6\cw 6\debug\grk-cw6.tlog\cl.write.1.tlog
j:\downloads\cw6\cw 6\debug\grk-cw6.tlog\link.command.1.tlog
j:\downloads\cw6\cw 6\debug\grk-cw6.tlog\link.read.1.tlog
j:\downloads\cw6\cw 6\debug\grk-cw6.tlog\link.secondary.1.tlog
j:\downloads\cw6\cw 6\debug\grk-cw6.tlog\link.write.1.tlog
