  main.cpp
C:\Program Files (x86)\Windows Kits\10\Include\10.0.22621.0\shared\minwindef.h(130,9): warning C4005: "APIENTRY": ponowna definicja makra
  (kompilowanie pliku źródłowego „src/main.cpp”)
      C:\Users\Damia\Downloads\Projekt_GRK\dependencies\glfw-3.3.8.bin.WIN32\include\GLFW\glfw3.h(123,11):
      zobacz poprzednią definicję „APIENTRY”
  
C:\Users\Damia\Downloads\Projekt_GRK\src\Wind_App.hpp(239,41): warning C4244: "argument": konwersja z "double" do "float", możliwa utrata danych
  (kompilowanie pliku źródłowego „src/main.cpp”)
  
C:\Users\Damia\Downloads\Projekt_GRK\src\Wind_App.hpp(239,36): warning C4244: "argument": konwersja z "double" do "float", możliwa utrata danych
  (kompilowanie pliku źródłowego „src/main.cpp”)
  
C:\Users\Damia\Downloads\Projekt_GRK\src\Wind_App.hpp(272,10): warning C4305: "inicjowanie": obcięcie z "double" do "float"
  (kompilowanie pliku źródłowego „src/main.cpp”)
  
C:\Users\Damia\Downloads\Projekt_GRK\src\Wind_App.hpp(312,40): warning C4244: "-=": konwersja z "double" do "float", możliwa utrata danych
  (kompilowanie pliku źródłowego „src/main.cpp”)
  
C:\Users\Damia\Downloads\Projekt_GRK\src\Wind_App.hpp(502,33): warning C4101: "e": lokalna zmienna, do której nie istnieje odwołanie
  (kompilowanie pliku źródłowego „src/main.cpp”)
  
C:\Users\Damia\Downloads\Projekt_GRK\src\Wind_App.hpp(753,27): warning C4018: "<": niezgodność typu ze znakiem/bez znaku
  (kompilowanie pliku źródłowego „src/main.cpp”)
  
C:\Users\Damia\Downloads\Projekt_GRK\src\Wind_App.hpp(848,13): warning C4244: "inicjowanie": konwersja z "double" do "float", możliwa utrata danych
  (kompilowanie pliku źródłowego „src/main.cpp”)
  
C:\Users\Damia\Downloads\Projekt_GRK\src\Wind_App.hpp(960,23): warning C4244: "=": konwersja z "double" do "float", możliwa utrata danych
  (kompilowanie pliku źródłowego „src/main.cpp”)
  
C:\Users\Damia\Downloads\Projekt_GRK\src\Wind_App.hpp(961,23): warning C4244: "=": konwersja z "double" do "float", możliwa utrata danych
  (kompilowanie pliku źródłowego „src/main.cpp”)
  
C:\Users\Damia\Downloads\Projekt_GRK\src\Wind_App.hpp(982,27): warning C4244: "=": konwersja z "double" do "float", możliwa utrata danych
  (kompilowanie pliku źródłowego „src/main.cpp”)
  
C:\Users\Damia\Downloads\Projekt_GRK\src\Wind_App.hpp(983,30): warning C4244: "=": konwersja z "genType" do "float", możliwa utrata danych
C:\Users\Damia\Downloads\Projekt_GRK\src\Wind_App.hpp(983,30): warning C4244:         with
C:\Users\Damia\Downloads\Projekt_GRK\src\Wind_App.hpp(983,30): warning C4244:         [
C:\Users\Damia\Downloads\Projekt_GRK\src\Wind_App.hpp(983,30): warning C4244:             genType=double
C:\Users\Damia\Downloads\Projekt_GRK\src\Wind_App.hpp(983,30): warning C4244:         ]
  (kompilowanie pliku źródłowego „src/main.cpp”)
  
C:\Users\Damia\Downloads\Projekt_GRK\src\Wind_App.hpp(1102,22): warning C4244: "+=": konwersja z "double" do "float", możliwa utrata danych
  (kompilowanie pliku źródłowego „src/main.cpp”)
  
C:\Users\Damia\Downloads\Projekt_GRK\src\Wind_App.hpp(1103,22): warning C4244: "+=": konwersja z "double" do "float", możliwa utrata danych
  (kompilowanie pliku źródłowego „src/main.cpp”)
  
dbfopen.obj : warning LNK4075: zignorowano opcję „/EDITANDCONTINUE” z powodu określenia opcji „/INCREMENTAL:NO”
LINK : warning LNK4098: domyślna biblioteka „MSVCRT” powoduje konflikt z innymi bibliotekami; użyj opcji /NODEFAULTLIB:biblioteka
  grk-cw6.vcxproj -> C:\Users\Damia\Downloads\Projekt_GRK\Debug\projekt-grk.exe
